0 info it worked if it ends with ok
1 verbose cli [ '/usr/bin/node', '/usr/bin/npm', 'install', 'nodejs@4.x' ]
2 info using npm@2.15.1
3 info using node@v0.12.15
4 verbose node symlink /usr/bin/node
5 verbose install initial load of /home/ksp/kLaserCutter/package.json
6 warn package.json klasercutter@1.0.0 No README data
7 verbose installManyTop reading scoped package data from /home/ksp/kLaserCutter/node_modules/domino/package.json
8 verbose installManyTop reading scoped package data from /home/ksp/kLaserCutter/node_modules/double-ended-queue/package.json
9 verbose installManyTop reading scoped package data from /home/ksp/kLaserCutter/node_modules/events/package.json
10 verbose installManyTop reading scoped package data from /home/ksp/kLaserCutter/node_modules/express/package.json
11 verbose installManyTop reading scoped package data from /home/ksp/kLaserCutter/node_modules/graceful-fs/package.json
12 verbose installManyTop reading scoped package data from /home/ksp/kLaserCutter/node_modules/image-size/package.json
13 verbose installManyTop reading scoped package data from /home/ksp/kLaserCutter/node_modules/jimp/package.json
14 verbose installManyTop reading scoped package data from /home/ksp/kLaserCutter/node_modules/johnny-five/package.json
15 verbose installManyTop reading scoped package data from /home/ksp/kLaserCutter/node_modules/optimist/package.json
16 verbose installManyTop reading scoped package data from /home/ksp/kLaserCutter/node_modules/phpjs/package.json
17 verbose installManyTop reading scoped package data from /home/ksp/kLaserCutter/node_modules/raspi-io/package.json
18 verbose installManyTop reading scoped package data from /home/ksp/kLaserCutter/node_modules/serialport/package.json
19 verbose installManyTop reading scoped package data from /home/ksp/kLaserCutter/node_modules/shell/package.json
20 verbose installManyTop reading scoped package data from /home/ksp/kLaserCutter/node_modules/sleep/package.json
21 verbose installManyTop reading scoped package data from /home/ksp/kLaserCutter/node_modules/socket.io/package.json
22 verbose installManyTop reading scoped package data from /home/ksp/kLaserCutter/node_modules/socket.io-client/package.json
23 verbose installManyTop reading scoped package data from /home/ksp/kLaserCutter/node_modules/socketio-file-upload/package.json
24 verbose installManyTop reading scoped package data from /home/ksp/kLaserCutter/node_modules/socketio-wildcard/package.json
25 verbose installManyTop reading scoped package data from /home/ksp/kLaserCutter/node_modules/sync-exec/package.json
26 verbose installManyTop reading scoped package data from /home/ksp/kLaserCutter/node_modules/text-to-svg/package.json
27 verbose installManyTop reading scoped package data from /home/ksp/kLaserCutter/node_modules/util/package.json
28 verbose installManyTop reading scoped package data from /home/ksp/kLaserCutter/node_modules/vec2/package.json
29 info package.json shell@0.3.2 No license field.
30 info package.json domino@1.0.25 No license field.
31 info package.json events@1.1.1 events is also the name of a node core module.
32 info package.json optimist@0.6.1 license should be a valid SPDX license expression
33 info package.json phpjs@1.3.2 No license field.
34 info package.json util@0.10.3 util is also the name of a node core module.
35 info package.json vec2@1.6.0 No license field.
36 verbose readDependencies loading dependencies from /home/ksp/kLaserCutter/package.json
37 silly cache add args [ 'nodejs@4.x', null ]
38 verbose cache add spec nodejs@4.x
39 silly cache add parsed spec { raw: 'nodejs@4.x',
39 silly cache add   scope: null,
39 silly cache add   name: 'nodejs',
39 silly cache add   rawSpec: '4.x',
39 silly cache add   spec: '>=4.0.0 <5.0.0',
39 silly cache add   type: 'range' }
40 silly addNamed nodejs@>=4.0.0 <5.0.0
41 verbose addNamed ">=4.0.0 <5.0.0" is a valid semver range for nodejs
42 silly addNameRange { name: 'nodejs', range: '>=4.0.0 <5.0.0', hasData: false }
43 silly mapToRegistry name nodejs
44 silly mapToRegistry using default registry
45 silly mapToRegistry registry https://registry.npmjs.org/
46 silly mapToRegistry data { raw: 'nodejs',
46 silly mapToRegistry   scope: null,
46 silly mapToRegistry   name: 'nodejs',
46 silly mapToRegistry   rawSpec: '',
46 silly mapToRegistry   spec: 'latest',
46 silly mapToRegistry   type: 'tag' }
47 silly mapToRegistry uri https://registry.npmjs.org/nodejs
48 verbose addNameRange registry:https://registry.npmjs.org/nodejs not in flight; fetching
49 verbose request uri https://registry.npmjs.org/nodejs
50 verbose request no auth needed
51 info attempt registry request try #1 at 12:11:30 PM
52 verbose request id 568c279824e22782
53 http request GET https://registry.npmjs.org/nodejs
54 http 200 https://registry.npmjs.org/nodejs
55 verbose headers { server: 'CouchDB/1.5.0 (Erlang OTP/R16B03)',
55 verbose headers   etag: '"8QT8T15LLX5SSMCM3INC38DTQ"',
55 verbose headers   'content-type': 'application/json',
55 verbose headers   'content-encoding': 'gzip',
55 verbose headers   'cache-control': 'max-age=300',
55 verbose headers   'content-length': '508',
55 verbose headers   'accept-ranges': 'bytes',
55 verbose headers   date: 'Sun, 11 Sep 2016 10:11:31 GMT',
55 verbose headers   via: '1.1 varnish',
55 verbose headers   age: '0',
55 verbose headers   connection: 'keep-alive',
55 verbose headers   'x-served-by': 'cache-sin6921-SIN',
55 verbose headers   'x-cache': 'MISS',
55 verbose headers   'x-cache-hits': '0',
55 verbose headers   'x-timer': 'S1473588690.518954,VS0,VE918',
55 verbose headers   vary: 'Accept-Encoding' }
56 silly get cb [ 200,
56 silly get   { server: 'CouchDB/1.5.0 (Erlang OTP/R16B03)',
56 silly get     etag: '"8QT8T15LLX5SSMCM3INC38DTQ"',
56 silly get     'content-type': 'application/json',
56 silly get     'content-encoding': 'gzip',
56 silly get     'cache-control': 'max-age=300',
56 silly get     'content-length': '508',
56 silly get     'accept-ranges': 'bytes',
56 silly get     date: 'Sun, 11 Sep 2016 10:11:31 GMT',
56 silly get     via: '1.1 varnish',
56 silly get     age: '0',
56 silly get     connection: 'keep-alive',
56 silly get     'x-served-by': 'cache-sin6921-SIN',
56 silly get     'x-cache': 'MISS',
56 silly get     'x-cache-hits': '0',
56 silly get     'x-timer': 'S1473588690.518954,VS0,VE918',
56 silly get     vary: 'Accept-Encoding' } ]
57 verbose get saving nodejs to /root/.npm/registry.npmjs.org/nodejs/.cache.json
58 verbose correctMkdir /root/.npm correctMkdir not in flight; initializing
59 silly addNameRange number 2 { name: 'nodejs', range: '>=4.0.0 <5.0.0', hasData: true }
60 silly addNameRange versions [ 'nodejs', [ '0.0.0' ] ]
61 verbose stack Error: No compatible version found: nodejs@'>=4.0.0 <5.0.0'
61 verbose stack Valid install targets:
61 verbose stack ["0.0.0"]
61 verbose stack
61 verbose stack     at installTargetsError (/usr/lib/node_modules/npm/lib/cache/add-named.js:284:12)
61 verbose stack     at next (/usr/lib/node_modules/npm/lib/cache/add-named.js:262:19)
61 verbose stack     at setData (/usr/lib/node_modules/npm/lib/cache/add-named.js:236:5)
61 verbose stack     at RES (/usr/lib/node_modules/npm/node_modules/inflight/inflight.js:23:14)
61 verbose stack     at f (/usr/lib/node_modules/npm/node_modules/once/once.js:17:25)
61 verbose stack     at fixName (/usr/lib/node_modules/npm/lib/cache/add-named.js:29:5)
61 verbose stack     at saved (/usr/lib/node_modules/npm/lib/cache/caching-client.js:173:7)
61 verbose stack     at /usr/lib/node_modules/npm/node_modules/graceful-fs/polyfills.js:210:7
61 verbose stack     at FSReqWrap.oncomplete (fs.js:95:15)
62 verbose cwd /home/ksp/kLaserCutter
63 error Linux 3.4.112-sun8i
64 error argv "/usr/bin/node" "/usr/bin/npm" "install" "nodejs@4.x"
65 error node v0.12.15
66 error npm  v2.15.1
67 error code ETARGET
68 error notarget No compatible version found: nodejs@'>=4.0.0 <5.0.0'
68 error notarget Valid install targets:
68 error notarget ["0.0.0"]
68 error notarget
68 error notarget This is most likely not a problem with npm itself.
68 error notarget In most cases you or one of your dependencies are requesting
68 error notarget a package version that doesn't exist.
68 error notarget
68 error notarget It was specified as a dependency of 'klasercutter'
69 verbose exit [ 1, true ]
