0.15
0.15
0.15
0.20
0.18
0.18
0.24
0.27
0.29
0.28
0.27
0.26
0.23
0.24
0.24
0.23
0.25
0.23
0.24
0.22
0.21
0.23
0.21
0.21
0.22
0.20
0.21
0.19
0.22
0.20
0.21
0.19
0.21
0.22
0.26
0.25
0.26
0.24
0.25
0.22
0.20
0.18
0.16
0.15
0.13
0.14
0.13
0.13
0.13
0.20
0.19
0.22
0.25
0.23
0.21
0.22
0.20
0.18
0.18
0.18
0.16
0.16
0.18
0.16
0.18
0.18
0.16
0.15
0.16
0.18
0.22
0.22
0.20
0.19
0.21
0.19
0.19
0.18
0.24
0.26
0.27
0.26
0.23
0.28
0.25
0.24
0.23
0.21
0.21
0.20
0.20
0.21
0.21
0.22
0.20
0.18
0.18
0.18
0.18
0.19
0.22
0.27
0.26
0.23
0.23
0.22
0.20
0.20
0.18
0.16
0.14
0.15
0.16
0.15
0.13
0.17
0.15
0.16
0.18
0.18
0.18
0.18
0.17
0.17
0.18
0.18
0.17
0.18
0.18
0.18
0.17
0.16
0.17
0.17
0.17
0.17
0.18
0.17
0.19
0.18
0.20
0.20
0.20
0.19
0.19
0.19
0.19
0.19
0.19
0.19
0.19
0.20
0.20
0.21
0.20
0.20
0.19
0.18
0.18
0.19
0.19
0.18
0.18
0.18
0.17
0.18
0.18
0.19
0.19
0.19
0.19
0.19
0.18
0.19
0.19
0.18
0.18
0.21
0.21
0.22
0.22
0.22
0.22
0.22
0.23
0.24
0.23
0.22
0.23
0.24
0.25
0.24
0.23
0.24
0.23
0.23
0.23
0.22
0.22
0.24
0.26
0.25
0.25
0.25
0.25
0.25
0.25
0.26
0.25
0.25
0.24
0.23
0.23
0.22
0.23
0.23
0.22
0.22
0.22
0.23
0.23
0.22
0.22
0.21
0.20
0.20
0.19
0.19
0.20
0.20
0.20
0.19
0.18
0.18
0.18
0.17
0.17
0.18
0.18
0.18
0.18
0.18
0.20
0.22
0.21
0.20
0.21
0.20
0.20
0.20
0.20
0.20
0.20
0.20
0.19
0.19
0.19
0.19
0.19
0.20
0.19
0.19
0.18
0.18
0.18
0.19
0.18
0.18
0.18
0.18
0.17
0.16
0.17
0.16
0.17
0.16
0.16
0.16
0.16
0.18
0.19
0.19
0.19
0.19
0.20
0.20
0.20
0.19
0.19
0.19
0.19
0.19
0.18
0.19
0.19
0.18
0.19
0.19
0.19
0.19
0.20
0.20
0.22
0.22
0.21
0.23
0.24
0.23
0.25
0.24
0.23
0.23
0.25
0.24
0.25
0.27
0.27
0.26
0.28
0.27
0.29
0.28
0.28
0.28
0.28
0.29
0.30
0.30
0.30
0.31
0.32
0.33
0.35
0.37
0.39
0.40
0.41
0.41
0.43
0.45
0.46
0.50
0.51
0.53
0.54
0.53
0.54
0.56
0.56
0.58
0.59
0.62
0.63
0.63
0.62
0.66
0.68
0.68
0.68
0.70
0.71
0.73
0.73
0.76
0.77
0.79
0.81
0.81
0.83
0.84
0.86
0.87
0.89
0.89
0.90
0.90
0.91
0.92
0.92
0.93
0.94
0.95
0.95
0.97
0.97
0.98
0.98
0.98
0.98
0.99
0.99
0.99
1.01
1.01
1.00
0.99
